Build started 2017/5/3 11:58:16.
     1>Project "E:\OpenGlProject\LearnOpenGl\LearnOpenGl\LearnOpenGl.vcxproj" on node 2 (Build target(s)).
     1>ClCompile:
         C:\Program Files (x86)\Microsoft Visual Studio 12.0\VC\bin\CL.exe /c /Zi /nologo /W3 /WX- /sdl /O2 /Oi /Oy- /GL /D _MBCS /Gm- /EHsc /MD /GS /Gy /fp:precise /Zc:wchar_t /Zc:forScope /Fo"Release\\" /Fd"Release\vc120.pdb" /Gd /TP /analyze- /errorReport:prompt HelloTriangle.cpp HelloTriangleExercise3.cpp TestStart.cpp
         HelloTriangle.cpp
         HelloTriangleExercise3.cpp
         TestStart.cpp
       Link:
         C:\Program Files (x86)\Microsoft Visual Studio 12.0\VC\bin\link.exe /ERRORREPORT:PROMPT /OUT:"E:\OpenGlProject\LearnOpenGl\Release\LearnOpenGl.exe" /NOLOGO glew32s.lib glfw3.lib opengl32.lib kernel32.lib user32.lib gdi32.lib winspool.lib comdlg32.lib advapi32.lib shell32.lib ole32.lib oleaut32.lib uuid.lib odbc32.lib odbccp32.lib /MANIFEST /MANIFESTUAC:"level='asInvoker' uiAccess='false'" /manifest:embed /DEBUG /PDB:"E:\OpenGlProject\LearnOpenGl\Release\LearnOpenGl.pdb" /OPT:REF /OPT:ICF /LTCG /TLBID:1 /DYNAMICBASE /NXCOMPAT /IMPLIB:"E:\OpenGlProject\LearnOpenGl\Release\LearnOpenGl.lib" /MACHINE:X86 /SAFESEH Release\HelloTriangle.obj
         Release\HelloTriangleExercise3.obj
         Release\ogl3.obj
         Release\TestStart.obj
         Release\textfile.obj
     1>LINK : warning LNK4098: defaultlib 'LIBCMT' conflicts with use of other libs; use /NODEFAULTLIB:library
         Generating code
         Finished generating code
     1>glew32s.lib(glew.obj) : warning LNK4099: PDB 'vc120.pdb' was not found with 'glew32s.lib(glew.obj)' or at 'E:\OpenGlProject\LearnOpenGl\Release\vc120.pdb'; linking object as if no debug info
         LearnOpenGl.vcxproj -> E:\OpenGlProject\LearnOpenGl\Release\LearnOpenGl.exe
     1>Done Building Project "E:\OpenGlProject\LearnOpenGl\LearnOpenGl\LearnOpenGl.vcxproj" (Build target(s)).

Build succeeded.

Time Elapsed 00:00:01.54
