生成启动时间为 2017/3/12 21:48:18。
     1>项目“D:\OpenGl\LearnOpenGl\LearnOpenGl\LearnOpenGl.vcxproj”在节点 2 上(Build 个目标)。
     1>ClCompile:
         C:\Program Files (x86)\Microsoft Visual Studio 12.0\VC\bin\x86_amd64\CL.exe /c /Zi /nologo /W1 /WX- /O2 /Gm- /EHsc /MD /GS /fp:precise /Zc:wchar_t /Zc:forScope /Fo"x64\Debug\\" /Fd"x64\Debug\vc120.pdb" /Gd /TP /errorReport:prompt TestStart.cpp
         TestStart.cpp
       Link:
         C:\Program Files (x86)\Microsoft Visual Studio 12.0\VC\bin\x86_amd64\link.exe /ERRORREPORT:PROMPT /OUT:"D:\OpenGl\LearnOpenGl\x64\Debug\LearnOpenGl.exe" /NOLOGO glew32s.lib glfw3.lib opengl32.lib kernel32.lib user32.lib gdi32.lib winspool.lib comdlg32.lib advapi32.lib shell32.lib ole32.lib oleaut32.lib uuid.lib odbc32.lib odbccp32.lib /MANIFEST /MANIFESTUAC:"level='asInvoker' uiAccess='false'" /manifest:embed /PDB:"D:\OpenGl\LearnOpenGl\x64\Debug\LearnOpenGl.pdb" /TLBID:1 /DYNAMICBASE /NXCOMPAT /IMPLIB:"D:\OpenGl\LearnOpenGl\x64\Debug\LearnOpenGl.lib" /MACHINE:X64 x64\Debug\TestStart.obj
     1>LINK : warning LNK4098: 默认库“LIBCMT”与其他库的使用冲突；请使用 /NODEFAULTLIB:library
     1>TestStart.obj : error LNK2019: 无法解析的外部符号 glfwInit，该符号在函数 main 中被引用
     1>TestStart.obj : error LNK2019: 无法解析的外部符号 glfwTerminate，该符号在函数 main 中被引用
     1>TestStart.obj : error LNK2019: 无法解析的外部符号 glfwWindowHint，该符号在函数 main 中被引用
     1>TestStart.obj : error LNK2019: 无法解析的外部符号 glfwCreateWindow，该符号在函数 main 中被引用
     1>TestStart.obj : error LNK2019: 无法解析的外部符号 glfwWindowShouldClose，该符号在函数 main 中被引用
     1>TestStart.obj : error LNK2019: 无法解析的外部符号 glfwGetFramebufferSize，该符号在函数 main 中被引用
     1>TestStart.obj : error LNK2019: 无法解析的外部符号 glfwPollEvents，该符号在函数 main 中被引用
     1>TestStart.obj : error LNK2019: 无法解析的外部符号 glfwMakeContextCurrent，该符号在函数 main 中被引用
     1>TestStart.obj : error LNK2019: 无法解析的外部符号 glfwSwapBuffers，该符号在函数 main 中被引用
     1>D:\OpenGl\LearnOpenGl\x64\Debug\LearnOpenGl.exe : fatal error LNK1120: 9 个无法解析的外部命令
     1>已完成生成项目“D:\OpenGl\LearnOpenGl\LearnOpenGl\LearnOpenGl.vcxproj”(Build 个目标)的操作 - 失败。

生成失败。

已用时间 00:00:00.76
